<?xml version="1.0" encoding="UTF-8"?>
<testng-results ignored="0" total="1" passed="1" failed="0" skipped="0">
  <reporter-output>
    <line>
      <![CDATA[click on organization]]>
    </line>
    <line>
      <![CDATA[click on lookup image]]>
    </line>
    <line>
      <![CDATA[click on save button]]>
    </line>
    <line>
      <![CDATA[validation passed]]>
    </line>
  </reporter-output>
  <suite started-at="2023-10-02T17:07:55 IST" name="Default suite" finished-at="2023-10-02T17:08:12 IST" duration-ms="17074">
    <groups>
      <group name="RegressionSuite">
        <method signature="CreateOranizationTest.createOrganization()[pri:0, instance:com.CRM.VTiger1.OrganizationTest.CreateOranizationTest@2b30a42c]" name="createOrganization" class="com.CRM.VTiger1.OrganizationTest.CreateOranizationTest"/>
      </group> <!-- RegressionSuite -->
      <group name="SmokeSuite">
        <method signature="CreateOranizationTest.createOrganization()[pri:0, instance:com.CRM.VTiger1.OrganizationTest.CreateOranizationTest@2b30a42c]" name="createOrganization" class="com.CRM.VTiger1.OrganizationTest.CreateOranizationTest"/>
      </group> <!-- SmokeSuite -->
    </groups>
    <test started-at="2023-10-02T17:07:55 IST" name="Default test" finished-at="2023-10-02T17:08:12 IST" duration-ms="17074">
      <class name="com.CRM.VTiger1.OrganizationTest.CreateOranizationTest">
        <test-method is-config="true" signature="connectDatabase()[pri:0, instance:com.CRM.VTiger1.OrganizationTest.CreateOranizationTest@2b30a42c]" started-at="2023-10-02T17:07:55 IST" name="connectDatabase" finished-at="2023-10-02T17:07:55 IST" duration-ms="12" status="PASS">
          <reporter-output>
          </reporter-output>
        </test-method> <!-- connectDatabase -->
        <test-method is-config="true" signature="launchBrowser()[pri:0, instance:com.CRM.VTiger1.OrganizationTest.CreateOranizationTest@2b30a42c]" started-at="2023-10-02T17:07:55 IST" name="launchBrowser" finished-at="2023-10-02T17:07:58 IST" duration-ms="3354" status="PASS">
          <reporter-output>
          </reporter-output>
        </test-method> <!-- launchBrowser -->
        <test-method is-config="true" signature="login()[pri:0, instance:com.CRM.VTiger1.OrganizationTest.CreateOranizationTest@2b30a42c]" started-at="2023-10-02T17:07:58 IST" name="login" finished-at="2023-10-02T17:08:01 IST" duration-ms="2794" status="PASS">
          <reporter-output>
          </reporter-output>
        </test-method> <!-- login -->
        <test-method signature="createOrganization()[pri:0, instance:com.CRM.VTiger1.OrganizationTest.CreateOranizationTest@2b30a42c]" started-at="2023-10-02T17:08:01 IST" name="createOrganization" finished-at="2023-10-02T17:08:10 IST" duration-ms="9173" status="PASS">
          <reporter-output>
            <line>
              <![CDATA[click on organization]]>
            </line>
            <line>
              <![CDATA[click on lookup image]]>
            </line>
            <line>
              <![CDATA[click on save button]]>
            </line>
            <line>
              <![CDATA[validation passed]]>
            </line>
          </reporter-output>
        </test-method> <!-- createOrganization -->
        <test-method is-config="true" signature="logout()[pri:0, instance:com.CRM.VTiger1.OrganizationTest.CreateOranizationTest@2b30a42c]" started-at="2023-10-02T17:08:10 IST" name="logout" finished-at="2023-10-02T17:08:12 IST" duration-ms="1153" status="PASS">
          <reporter-output>
          </reporter-output>
        </test-method> <!-- logout -->
        <test-method is-config="true" signature="closeBrowser()[pri:0, instance:com.CRM.VTiger1.OrganizationTest.CreateOranizationTest@2b30a42c]" started-at="2023-10-02T17:08:12 IST" name="closeBrowser" finished-at="2023-10-02T17:08:12 IST" duration-ms="252" status="PASS">
          <reporter-output>
          </reporter-output>
        </test-method> <!-- closeBrowser -->
        <test-method is-config="true" signature="closeDatabase()[pri:0, instance:com.CRM.VTiger1.OrganizationTest.CreateOranizationTest@2b30a42c]" started-at="2023-10-02T17:08:12 IST" name="closeDatabase" finished-at="2023-10-02T17:08:12 IST" duration-ms="0" status="PASS">
          <reporter-output>
          </reporter-output>
        </test-method> <!-- closeDatabase -->
      </class> <!-- com.CRM.VTiger1.OrganizationTest.CreateOranizationTest -->
    </test> <!-- Default test -->
  </suite> <!-- Default suite -->
</testng-results>
